#
# There is insufficient memory for the Java Runtime Environment to continue.
# Native memory allocation (malloc) failed to allocate 32744 bytes for ChunkPool::allocate
# Possible reasons:
#   The system is out of physical RAM or swap space
#   In 32 bit mode, the process size limit was hit
# Possible solutions:
#   Reduce memory load on the system
#   Increase physical memory or swap space
#   Check if swap backing store is full
#   Use 64 bit Java on a 64 bit OS
#   Decrease Java heap size (-Xmx/-Xms)
#   Decrease number of Java threads
#   Decrease Java thread stack sizes (-Xss)
#   Set larger code cache with -XX:ReservedCodeCacheSize=
# This output file may be truncated or incomplete.
#
#  Out of Memory Error (allocation.cpp:273), pid=22292, tid=0x00000000000043c4
#
# JRE version: Java(TM) SE Runtime Environment (8.0_171-b11) (build 1.8.0_171-b11)
# Java VM: Java HotSpot(TM) 64-Bit Server VM (25.171-b11 mixed mode windows-amd64 compressed oops)
# Failed to write core dump. Minidumps are not enabled by default on client versions of Windows
#

---------------  T H R E A D  ---------------

Current thread (0x0000000017f0b000):  JavaThread "C2 CompilerThread1" daemon [_thread_in_native, id=17348, stack(0x0000000019920000,0x0000000019a20000)]

Stack: [0x0000000019920000,0x0000000019a20000]
[error occurred during error reporting (printing stack bounds), id 0xc0000005]

Native frames: (J=compiled Java code, j=interpreted, Vv=VM code, C=native code)


Current CompileTask:
C2: 325691 6142 % !   4       org.springframework.beans.factory.support.DefaultListableBeanFactory::doGetBeanNamesForType @ 20 (593 bytes)


---------------  P R O C E S S  ---------------

Java Threads: ( => current thread )
  0x000000001c905800 JavaThread "PollingServerListUpdater-1" daemon [_thread_blocked, id=26780, stack(0x0000000025840000,0x0000000025940000)]
  0x000000001c904800 JavaThread "Keep-Alive-Timer" daemon [_thread_blocked, id=26984, stack(0x0000000025740000,0x0000000025840000)]
  0x000000001d22c800 JavaThread "PollingServerListUpdater-0" daemon [_thread_blocked, id=27188, stack(0x0000000025640000,0x0000000025740000)]
  0x000000001d22b000 JavaThread "NFLoadBalancer-PingTimer-localhost" daemon [_thread_blocked, id=22904, stack(0x0000000025540000,0x0000000025640000)]
  0x000000001d22d000 JavaThread "RibbonApacheHttpClientConfiguration.connectionManagerTimer" daemon [_thread_blocked, id=24472, stack(0x0000000025440000,0x0000000025540000)]
  0x000000001d22b800 JavaThread "DiscoveryClient-HeartbeatExecutor-0" daemon [_thread_blocked, id=16636, stack(0x0000000025340000,0x0000000025440000)]
  0x000000001d22a000 JavaThread "DiscoveryClient-CacheRefreshExecutor-0" daemon [_thread_blocked, id=13400, stack(0x0000000025240000,0x0000000025340000)]
  0x000000001d229800 JavaThread "DestroyJavaVM" [_thread_blocked, id=26952, stack(0x0000000003140000,0x0000000003240000)]
  0x000000001d221800 JavaThread "http-nio-8009-AsyncTimeout" daemon [_thread_blocked, id=13864, stack(0x0000000024f40000,0x0000000025040000)]
  0x000000001d228800 JavaThread "http-nio-8009-Acceptor-0" daemon [_thread_in_native, id=9936, stack(0x0000000024e40000,0x0000000024f40000)]
  0x000000001d221000 JavaThread "http-nio-8009-ClientPoller-1" daemon [_thread_in_native, id=24244, stack(0x0000000024d40000,0x0000000024e40000)]
  0x000000001d228000 JavaThread "http-nio-8009-ClientPoller-0" daemon [_thread_in_native, id=24588, stack(0x0000000024c40000,0x0000000024d40000)]
  0x000000001d220000 JavaThread "http-nio-8009-exec-10" daemon [_thread_blocked, id=20256, stack(0x0000000024b40000,0x0000000024c40000)]
  0x000000001d227000 JavaThread "http-nio-8009-exec-9" daemon [_thread_blocked, id=26212, stack(0x0000000024a40000,0x0000000024b40000)]
  0x000000001d226000 JavaThread "http-nio-8009-exec-8" daemon [_thread_blocked, id=25156, stack(0x0000000024940000,0x0000000024a40000)]
  0x000000001d21f800 JavaThread "http-nio-8009-exec-7" daemon [_thread_blocked, id=26104, stack(0x0000000024840000,0x0000000024940000)]
  0x000000001d225800 JavaThread "http-nio-8009-exec-6" daemon [_thread_blocked, id=13856, stack(0x0000000024740000,0x0000000024840000)]
  0x000000001d21e000 JavaThread "http-nio-8009-exec-5" daemon [_thread_blocked, id=24712, stack(0x0000000024640000,0x0000000024740000)]
  0x000000001d223000 JavaThread "http-nio-8009-exec-4" daemon [_thread_blocked, id=27424, stack(0x0000000024540000,0x0000000024640000)]
  0x000000001d21e800 JavaThread "http-nio-8009-exec-3" daemon [_thread_blocked, id=27192, stack(0x0000000024440000,0x0000000024540000)]
  0x000000001d224000 JavaThread "http-nio-8009-exec-2" daemon [_thread_blocked, id=23148, stack(0x0000000024340000,0x0000000024440000)]
  0x000000001d222800 JavaThread "http-nio-8009-exec-1" daemon [_thread_blocked, id=26476, stack(0x0000000024240000,0x0000000024340000)]
  0x000000001d224800 JavaThread "NioBlockingSelector.BlockPoller-1" daemon [_thread_in_native, id=20064, stack(0x0000000024140000,0x0000000024240000)]
  0x000000001a048800 JavaThread "DiscoveryClient-InstanceInfoReplicator-0" daemon [_thread_blocked, id=13176, stack(0x0000000024040000,0x0000000024140000)]
  0x000000001a049800 JavaThread "DiscoveryClient-1" daemon [_thread_blocked, id=27124, stack(0x0000000023f40000,0x0000000024040000)]
  0x000000001a04a000 JavaThread "DiscoveryClient-0" daemon [_thread_blocked, id=25684, stack(0x0000000023e40000,0x0000000023f40000)]
  0x000000001a04c800 JavaThread "AsyncResolver-bootstrap-0" daemon [_thread_blocked, id=25016, stack(0x00000000237f0000,0x00000000238f0000)]
  0x000000001a048000 JavaThread "Eureka-JerseyClient-Conn-Cleaner2" daemon [_thread_blocked, id=20344, stack(0x00000000221e0000,0x00000000222e0000)]
  0x000000001a04b000 JavaThread "spring.cloud.inetutils" daemon [_thread_blocked, id=27036, stack(0x0000000020930000,0x0000000020a30000)]
  0x000000001d1ed000 JavaThread "container-0" [_thread_blocked, id=23820, stack(0x0000000020830000,0x0000000020930000)]
  0x000000001a79e800 JavaThread "ContainerBackgroundProcessor[StandardEngine[Tomcat]]" daemon [_thread_blocked, id=2524, stack(0x0000000020730000,0x0000000020830000)]
  0x000000001ad2c000 JavaThread "AsyncReporter{org.springframework.cloud.sleuth.zipkin2.sender.RestTemplateSender@5ee3416c}" daemon [_thread_blocked, id=24932, stack(0x000000001f1d0000,0x000000001f2d0000)]
  0x000000001928c000 JavaThread "Service Thread" daemon [_thread_blocked, id=23864, stack(0x0000000019b20000,0x0000000019c20000)]
  0x0000000019287800 JavaThread "C1 CompilerThread2" daemon [_thread_blocked, id=16296, stack(0x0000000019a20000,0x0000000019b20000)]
=>0x0000000017f0b000 JavaThread "C2 CompilerThread1" daemon [_thread_in_native, id=17348, stack(0x0000000019920000,0x0000000019a20000)]
  0x0000000017ed3000 JavaThread "C2 CompilerThread0" daemon [_thread_in_native, id=23972, stack(0x0000000019820000,0x0000000019920000)]
  0x0000000017ed2000 JavaThread "Attach Listener" daemon [_thread_blocked, id=24688, stack(0x0000000019720000,0x0000000019820000)]
  0x0000000019263800 JavaThread "Signal Dispatcher" daemon [_thread_blocked, id=18560, stack(0x0000000019620000,0x0000000019720000)]
  0x000000000333e000 JavaThread "Finalizer" daemon [_thread_blocked, id=8908, stack(0x0000000019120000,0x0000000019220000)]
  0x0000000003339000 JavaThread "Reference Handler" daemon [_thread_blocked, id=12676, stack(0x0000000019020000,0x0000000019120000)]

Other Threads:
  0x0000000017e78000 VMThread [stack: 0x0000000018f20000,0x0000000019020000] [id=24020]
  0x00000000192d5800 WatcherThread [stack: 0x0000000019c20000,0x0000000019d20000] [id=23356]

VM state:not at safepoint (normal execution)

VM Mutex/Monitor currently owned by a thread: None

Heap:
 PSYoungGen      total 233984K, used 81871K [0x00000000d5c00000, 0x00000000e8d00000, 0x0000000100000000)
  eden space 219648K, 30% used [0x00000000d5c00000,0x00000000d9df7468,0x00000000e3280000)
  from space 14336K, 99% used [0x00000000e3280000,0x00000000e407cb80,0x00000000e4080000)
  to   space 18944K, 0% used [0x00000000e7a80000,0x00000000e7a80000,0x00000000e8d00000)
 ParOldGen       total 92672K, used 26528K [0x0000000081400000, 0x0000000086e80000, 0x00000000d5c00000)
  object space 92672K, 28% used [0x0000000081400000,0x0000000082de82f8,0x0000000086e80000)
 Metaspace       used 53695K, capacity 55664K, committed 55768K, reserved 1097728K
  class space    used 7016K, capacity 7386K, committed 7424K, reserved 1048576K

Card table byte_map: [0x0000000012700000,0x0000000012b00000] byte_map_base: 0x00000000122f6000

Marking Bits: (ParMarkBitMap*) 0x000000006b0c08c0
 Begin Bits: [0x00000000131b0000, 0x0000000015160000)
 End Bits:   [0x0000000015160000, 0x0000000017110000)

Polling page: 0x0000000000fe0000

CodeCache: size=245760Kb used=18422Kb max_used=18698Kb free=227337Kb
 bounds [0x0000000003340000, 0x00000000045a0000, 0x0000000012340000]
 total_blobs=5716 nmethods=5192 adapters=435
 compilation: enabled

Compilation events (10 events):
Event: 324.549 Thread 0x0000000019287800 6166       3       java.net.URI::access$1402 (7 bytes)
Event: 324.549 Thread 0x0000000019287800 nmethod 6166 0x0000000003eacd90 code [0x0000000003eacee0, 0x0000000003ead030]
Event: 324.601 Thread 0x0000000019287800 6168       3       java.lang.Integer::stringSize (21 bytes)
Event: 324.601 Thread 0x0000000019287800 nmethod 6168 0x0000000004013210 code [0x0000000004013380, 0x0000000004013590]
Event: 324.617 Thread 0x0000000019287800 6169  s!   2       sun.misc.URLClassPath::getLoader (243 bytes)
Event: 324.620 Thread 0x0000000019287800 nmethod 6169 0x00000000042073d0 code [0x00000000042076a0, 0x0000000004208c08]
Event: 324.696 Thread 0x0000000017f0b000 nmethod 6141 0x000000000425dbd0 code [0x000000000425e100, 0x00000000042625a8]
Event: 324.696 Thread 0x0000000017f0b000 6161   !   4       org.springframework.core.annotation.AnnotatedElementUtils::searchWithFindSemantics (785 bytes)
Event: 325.097 Thread 0x0000000017f0b000 nmethod 6161 0x000000000424f650 code [0x000000000424fd00, 0x00000000042562f8]
Event: 325.097 Thread 0x0000000017f0b000 6142 % !   4       org.springframework.beans.factory.support.DefaultListableBeanFactory::doGetBeanNamesForType @ 20 (593 bytes)

GC Heap History (10 events):
Event: 13.279 GC heap before
{Heap before GC invocations=9 (full 1):
 PSYoungGen      total 138240K, used 110159K [0x00000000d5c00000, 0x00000000e1d80000, 0x0000000100000000)
  eden space 128512K, 78% used [0x00000000d5c00000,0x00000000dbe75ce8,0x00000000dd980000)
  from space 9728K, 95% used [0x00000000dd980000,0x00000000de29e248,0x00000000de300000)
  to   space 10752K, 0% used [0x00000000e1300000,0x00000000e1300000,0x00000000e1d80000)
 ParOldGen       total 58880K, used 9041K [0x0000000081400000, 0x0000000084d80000, 0x00000000d5c00000)
  object space 58880K, 15% used [0x0000000081400000,0x0000000081cd4750,0x0000000084d80000)
 Metaspace       used 34031K, capacity 35284K, committed 35416K, reserved 1079296K
  class space    used 4409K, capacity 4640K, committed 4736K, reserved 1048576K
Event: 13.307 GC heap after
Heap after GC invocations=9 (full 1):
 PSYoungGen      total 185856K, used 10728K [0x00000000d5c00000, 0x00000000e3e80000, 0x0000000100000000)
  eden space 175104K, 0% used [0x00000000d5c00000,0x00000000d5c00000,0x00000000e0700000)
  from space 10752K, 99% used [0x00000000e1300000,0x00000000e1d7a278,0x00000000e1d80000)
  to   space 12288K, 0% used [0x00000000e0700000,0x00000000e0700000,0x00000000e1300000)
 ParOldGen       total 58880K, used 9479K [0x0000000081400000, 0x0000000084d80000, 0x00000000d5c00000)
  object space 58880K, 16% used [0x0000000081400000,0x0000000081d41fc8,0x0000000084d80000)
 Metaspace       used 34031K, capacity 35284K, committed 35416K, reserved 1079296K
  class space    used 4409K, capacity 4640K, committed 4736K, reserved 1048576K
}
Event: 13.307 GC heap before
{Heap before GC invocations=10 (full 2):
 PSYoungGen      total 185856K, used 10728K [0x00000000d5c00000, 0x00000000e3e80000, 0x0000000100000000)
  eden space 175104K, 0% used [0x00000000d5c00000,0x00000000d5c00000,0x00000000e0700000)
  from space 10752K, 99% used [0x00000000e1300000,0x00000000e1d7a278,0x00000000e1d80000)
  to   space 12288K, 0% used [0x00000000e0700000,0x00000000e0700000,0x00000000e1300000)
 ParOldGen       total 58880K, used 9479K [0x0000000081400000, 0x0000000084d80000, 0x00000000d5c00000)
  object space 58880K, 16% used [0x0000000081400000,0x0000000081d41fc8,0x0000000084d80000)
 Metaspace       used 34031K, capacity 35284K, committed 35416K, reserved 1079296K
  class space    used 4409K, capacity 4640K, committed 4736K, reserved 1048576K
Event: 13.445 GC heap after
Heap after GC invocations=10 (full 2):
 PSYoungGen      total 185856K, used 0K [0x00000000d5c00000, 0x00000000e3e80000, 0x0000000100000000)
  eden space 175104K, 0% used [0x00000000d5c00000,0x00000000d5c00000,0x00000000e0700000)
  from space 10752K, 0% used [0x00000000e1300000,0x00000000e1300000,0x00000000e1d80000)
  to   space 12288K, 0% used [0x00000000e0700000,0x00000000e0700000,0x00000000e1300000)
 ParOldGen       total 92672K, used 19046K [0x0000000081400000, 0x0000000086e80000, 0x00000000d5c00000)
  object space 92672K, 20% used [0x0000000081400000,0x0000000082699818,0x0000000086e80000)
 Metaspace       used 34031K, capacity 35284K, committed 35416K, reserved 1079296K
  class space    used 4409K, capacity 4640K, committed 4736K, reserved 1048576K
}
Event: 17.365 GC heap before
{Heap before GC invocations=11 (full 2):
 PSYoungGen      total 185856K, used 175104K [0x00000000d5c00000, 0x00000000e3e80000, 0x0000000100000000)
  eden space 175104K, 100% used [0x00000000d5c00000,0x00000000e0700000,0x00000000e0700000)
  from space 10752K, 0% used [0x00000000e1300000,0x00000000e1300000,0x00000000e1d80000)
  to   space 12288K, 0% used [0x00000000e0700000,0x00000000e0700000,0x00000000e1300000)
 ParOldGen       total 92672K, used 19046K [0x0000000081400000, 0x0000000086e80000, 0x00000000d5c00000)
  object space 92672K, 20% used [0x0000000081400000,0x0000000082699818,0x0000000086e80000)
 Metaspace       used 38190K, capacity 39582K, committed 39768K, reserved 1083392K
  class space    used 4903K, capacity 5177K, committed 5248K, reserved 1048576K
Event: 17.395 GC heap after
Heap after GC invocations=11 (full 2):
 PSYoungGen      total 187392K, used 9056K [0x00000000d5c00000, 0x00000000e4d00000, 0x0000000100000000)
  eden space 175104K, 0% used [0x00000000d5c00000,0x00000000d5c00000,0x00000000e0700000)
  from space 12288K, 73% used [0x00000000e0700000,0x00000000e0fd8098,0x00000000e1300000)
  to   space 12800K, 0% used [0x00000000e4080000,0x00000000e4080000,0x00000000e4d00000)
 ParOldGen       total 92672K, used 19054K [0x0000000081400000, 0x0000000086e80000, 0x00000000d5c00000)
  object space 92672K, 20% used [0x0000000081400000,0x000000008269b818,0x0000000086e80000)
 Metaspace       used 38190K, capacity 39582K, committed 39768K, reserved 1083392K
  class space    used 4903K, capacity 5177K, committed 5248K, reserved 1048576K
}
Event: 20.660 GC heap before
{Heap before GC invocations=12 (full 2):
 PSYoungGen      total 187392K, used 184160K [0x00000000d5c00000, 0x00000000e4d00000, 0x0000000100000000)
  eden space 175104K, 100% used [0x00000000d5c00000,0x00000000e0700000,0x00000000e0700000)
  from space 12288K, 73% used [0x00000000e0700000,0x00000000e0fd8098,0x00000000e1300000)
  to   space 12800K, 0% used [0x00000000e4080000,0x00000000e4080000,0x00000000e4d00000)
 ParOldGen       total 92672K, used 19054K [0x0000000081400000, 0x0000000086e80000, 0x00000000d5c00000)
  object space 92672K, 20% used [0x0000000081400000,0x000000008269b818,0x0000000086e80000)
 Metaspace       used 40600K, capacity 42228K, committed 42456K, reserved 1085440K
  class space    used 5228K, capacity 5530K, committed 5632K, reserved 1048576K
Event: 20.727 GC heap after
Heap after GC invocations=12 (full 2):
 PSYoungGen      total 232448K, used 12775K [0x00000000d5c00000, 0x00000000e5500000, 0x0000000100000000)
  eden space 219648K, 0% used [0x00000000d5c00000,0x00000000d5c00000,0x00000000e3280000)
  from space 12800K, 99% used [0x00000000e4080000,0x00000000e4cf9ed8,0x00000000e4d00000)
  to   space 14336K, 0% used [0x00000000e3280000,0x00000000e3280000,0x00000000e4080000)
 ParOldGen       total 92672K, used 19445K [0x0000000081400000, 0x0000000086e80000, 0x00000000d5c00000)
  object space 92672K, 20% used [0x0000000081400000,0x00000000826fd710,0x0000000086e80000)
 Metaspace       used 40600K, capacity 42228K, committed 42456K, reserved 1085440K
  class space    used 5228K, capacity 5530K, committed 5632K, reserved 1048576K
}
Event: 322.627 GC heap before
{Heap before GC invocations=13 (full 2):
 PSYoungGen      total 232448K, used 232423K [0x00000000d5c00000, 0x00000000e5500000, 0x0000000100000000)
  eden space 219648K, 100% used [0x00000000d5c00000,0x00000000e3280000,0x00000000e3280000)
  from space 12800K, 99% used [0x00000000e4080000,0x00000000e4cf9ed8,0x00000000e4d00000)
  to   space 14336K, 0% used [0x00000000e3280000,0x00000000e3280000,0x00000000e4080000)
 ParOldGen       total 92672K, used 19445K [0x0000000081400000, 0x0000000086e80000, 0x00000000d5c00000)
  object space 92672K, 20% used [0x0000000081400000,0x00000000826fd710,0x0000000086e80000)
 Metaspace       used 51129K, capacity 52916K, committed 53080K, reserved 1095680K
  class space    used 6653K, capacity 6968K, committed 7040K, reserved 1048576K
Event: 322.670 GC heap after
Heap after GC invocations=13 (full 2):
 PSYoungGen      total 233984K, used 14322K [0x00000000d5c00000, 0x00000000e8d00000, 0x0000000100000000)
  eden space 219648K, 0% used [0x00000000d5c00000,0x00000000d5c00000,0x00000000e3280000)
  from space 14336K, 99% used [0x00000000e3280000,0x00000000e407cb80,0x00000000e4080000)
  to   space 18944K, 0% used [0x00000000e7a80000,0x00000000e7a80000,0x00000000e8d00000)
 ParOldGen       total 92672K, used 26528K [0x0000000081400000, 0x0000000086e80000, 0x00000000d5c00000)
  object space 92672K, 28% used [0x0000000081400000,0x0000000082de82f8,0x0000000086e80000)
 Metaspace       used 51129K, capacity 52916K, committed 53080K, reserved 1095680K
  class space    used 6653K, capacity 6968K, committed 7040K, reserved 1048576K
}

Deoptimization events (10 events):
Event: 34.538 Thread 0x0000000003248000 Uncommon trap: reason=bimorphic action=maybe_recompile pc=0x0000000003b18408 method=java.util.Hashtable.get(Ljava/lang/Object;)Ljava/lang/Object; @ 6
Event: 34.538 Thread 0x0000000003248000 Uncommon trap: reason=bimorphic action=maybe_recompile pc=0x0000000003b18408 method=java.util.Hashtable.get(Ljava/lang/Object;)Ljava/lang/Object; @ 6
Event: 322.611 Thread 0x000000001d222800 Uncommon trap: reason=null_check action=make_not_entrant pc=0x0000000004599de4 method=org.springframework.core.annotation.AnnotatedElementUtils.searchWithGetSemanticsInAnnotations(Ljava/lang/reflect/AnnotatedElement;Ljava/util/List;Ljava/lang/Class;Ljava/
Event: 323.125 Thread 0x000000001d222800 Uncommon trap: reason=bimorphic action=maybe_recompile pc=0x00000000039d543c method=java.util.AbstractList$Itr.next()Ljava/lang/Object; @ 14
Event: 323.177 Thread 0x000000001d222800 Uncommon trap: reason=unstable_if action=reinterpret pc=0x000000000359b8ac method=java.lang.StringCoding.safeTrim([CILjava/nio/charset/Charset;Z)[C @ 3
Event: 323.788 Thread 0x000000001ad2c000 Uncommon trap: reason=unstable_if action=reinterpret pc=0x0000000003e91c0c method=org.springframework.beans.factory.support.AbstractBeanFactory.isTypeMatch(Ljava/lang/String;Lorg/springframework/core/ResolvableType;)Z @ 216
Event: 324.126 Thread 0x000000001ad2c000 Uncommon trap: reason=unstable_if action=reinterpret pc=0x00000000041f69e4 method=org.springframework.core.BridgeMethodResolver.isBridgedCandidateFor(Ljava/lang/reflect/Method;Ljava/lang/reflect/Method;)Z @ 37
Event: 324.178 Thread 0x000000001ad2c000 Uncommon trap: reason=unstable_if action=reinterpret pc=0x00000000039f33d4 method=java.util.HashMap.putVal(ILjava/lang/Object;Ljava/lang/Object;ZZ)Ljava/lang/Object; @ 162
Event: 324.178 Thread 0x000000001ad2c000 Uncommon trap: reason=unstable_if action=reinterpret pc=0x00000000037ba7dc method=java.util.HashMap.putVal(ILjava/lang/Object;Ljava/lang/Object;ZZ)Ljava/lang/Object; @ 162
Event: 324.179 Thread 0x000000001ad2c000 Uncommon trap: reason=unstable_if action=reinterpret pc=0x000000000392189c method=java.util.HashMap.resize()[Ljava/util/HashMap$Node; @ 206

Classes redefined (0 events):
No events

Internal exceptions (10 events):
Event: 324.491 Thread 0x000000001ad2c000 Exception <a 'java/lang/ClassNotFoundException': org/springframework/cloud/netflix/ribbon/support/AbstractLoadBalancingClientCustomizer> (0x00000000d99a9c80) thrown at [C:\re\workspace\8-2-build-windows-amd64-cygwin\jdk8u171\10807\hotspot\src\share\vm\cla
Event: 324.498 Thread 0x000000001ad2c000 Exception <a 'java/lang/ClassNotFoundException': org/springframework/cloud/netflix/ribbon/apache/RibbonLoadBalancingHttpClientCustomizer> (0x00000000d99e3260) thrown at [C:\re\workspace\8-2-build-windows-amd64-cygwin\jdk8u171\10807\hotspot\src\share\vm\cl
Event: 324.502 Thread 0x000000001ad2c000 Exception <a 'java/lang/ClassNotFoundException': org/springframework/cloud/client/loadbalancer/ServiceInstanceChooserCustomizer> (0x00000000d9a22370) thrown at [C:\re\workspace\8-2-build-windows-amd64-cygwin\jdk8u171\10807\hotspot\src\share\vm\classfile\s
Event: 324.508 Thread 0x000000001ad2c000 Exception <a 'java/lang/ClassNotFoundException': com/netflix/client/IClientCustomizer> (0x00000000d9a3cda0) thrown at [C:\re\workspace\8-2-build-windows-amd64-cygwin\jdk8u171\10807\hotspot\src\share\vm\classfile\systemDictionary.cpp, line 210]
Event: 324.512 Thread 0x000000001ad2c000 Exception <a 'java/lang/ClassNotFoundException': com/netflix/client/IClientConfigAwareCustomizer> (0x00000000d9a5c060) thrown at [C:\re\workspace\8-2-build-windows-amd64-cygwin\jdk8u171\10807\hotspot\src\share\vm\classfile\systemDictionary.cpp, line 210]
Event: 324.513 Thread 0x000000001ad2c000 Exception <a 'java/lang/ClassNotFoundException': com/netflix/client/IClientConfigAwareCustomizer> (0x00000000d9a7a818) thrown at [C:\re\workspace\8-2-build-windows-amd64-cygwin\jdk8u171\10807\hotspot\src\share\vm\classfile\systemDictionary.cpp, line 210]
Event: 324.517 Thread 0x000000001ad2c000 Exception <a 'java/lang/ClassNotFoundException': java/lang/ObjectCustomizer> (0x00000000d9aa67e8) thrown at [C:\re\workspace\8-2-build-windows-amd64-cygwin\jdk8u171\10807\hotspot\src\share\vm\classfile\systemDictionary.cpp, line 210]
Event: 324.519 Thread 0x000000001ad2c000 Exception <a 'java/lang/ClassNotFoundException': com/netflix/loadbalancer/LoadBalancerContextCustomizer> (0x00000000d9acad40) thrown at [C:\re\workspace\8-2-build-windows-amd64-cygwin\jdk8u171\10807\hotspot\src\share\vm\classfile\systemDictionary.cpp, lin
Event: 324.525 Thread 0x000000001ad2c000 Exception <a 'java/lang/ClassNotFoundException': org/springframework/cloud/netflix/ribbon/RibbonLoadBalancerContextCustomizer> (0x00000000d9b06978) thrown at [C:\re\workspace\8-2-build-windows-amd64-cygwin\jdk8u171\10807\hotspot\src\share\vm\classfile\sys
Event: 324.526 Thread 0x000000001ad2c000 Exception <a 'java/lang/ClassNotFoundException': com/netflix/client/IClientConfigAwareCustomizer> (0x00000000d9b30130) thrown at [C:\re\workspace\8-2-build-windows-amd64-cygwin\jdk8u171\10807\hotspot\src\share\vm\classfile\systemDictionary.cpp, line 210]

Events (10 events):
Event: 324.616 loading class sun/net/www/protocol/http/HttpURLConnection$HttpInputStream done
Event: 324.616 loading class org/springframework/web/client/MessageBodyClientHttpResponseWrapper
Event: 324.616 loading class org/springframework/web/client/MessageBodyClientHttpResponseWrapper done
Event: 324.621 loading class org/springframework/http/ResponseEntity$BodyBuilder
Event: 324.621 loading class org/springframework/http/ResponseEntity$BodyBuilder done
Event: 324.622 loading class org/springframework/http/ResponseEntity$HeadersBuilder
Event: 324.622 loading class org/springframework/http/ResponseEntity$HeadersBuilder done
Event: 324.623 loading class org/springframework/http/ResponseEntity$DefaultBuilder
Event: 324.623 loading class org/springframework/http/ResponseEntity$DefaultBuilder done
Event: 325.355 Thread 0x000000001c905800 Thread added: 0x000000001c905800


Dynamic libraries:
0x00007ff64d700000 - 0x00007ff64d737000 	C:\Program Files\Java\jre1.8.0_171\bin\javaw.exe
0x00007ffb26420000 - 0x00007ffb26601000 	C:\Windows\SYSTEM32\ntdll.dll
0x00007ffb26330000 - 0x00007ffb263e1000 	C:\Windows\System32\KERNEL32.DLL
0x00007ffb22f30000 - 0x00007ffb231a3000 	C:\Windows\System32\KERNELBASE.dll
0x00007ffb25700000 - 0x00007ffb257a1000 	C:\Windows\System32\ADVAPI32.dll
0x00007ffb25970000 - 0x00007ffb25a0e000 	C:\Windows\System32\msvcrt.dll
0x00007ffb25820000 - 0x00007ffb2587b000 	C:\Windows\System32\sechost.dll
0x00007ffb25a10000 - 0x00007ffb25b34000 	C:\Windows\System32\RPCRT4.dll
0x00007ffb26120000 - 0x00007ffb262b1000 	C:\Windows\System32\USER32.dll
0x00007ffb23500000 - 0x00007ffb23520000 	C:\Windows\System32\win32u.dll
0x00007ffb25f50000 - 0x00007ffb25f78000 	C:\Windows\System32\GDI32.dll
0x00007ffb231b0000 - 0x00007ffb23341000 	C:\Windows\System32\gdi32full.dll
0x00007ffb23710000 - 0x00007ffb237af000 	C:\Windows\System32\msvcp_win.dll
0x00007ffb23350000 - 0x00007ffb23448000 	C:\Windows\System32\ucrtbase.dll
0x00007ffb193c0000 - 0x00007ffb19629000 	C:\Windows\WinSxS\amd64_microsoft.windows.common-controls_6595b64144ccf1df_6.0.17134.1130_none_d3ff42617c90becf\COMCTL32.dll
0x00007ffb23920000 - 0x00007ffb23c41000 	C:\Windows\System32\combase.dll
0x00007ffb23810000 - 0x00007ffb23889000 	C:\Windows\System32\bcryptPrimitives.dll
0x00007ffb25b40000 - 0x00007ffb25b6d000 	C:\Windows\System32\IMM32.DLL
0x000000006b140000 - 0x000000006b212000 	C:\Program Files\Java\jre1.8.0_171\bin\msvcr100.dll
0x000000006a8a0000 - 0x000000006b140000 	C:\Program Files\Java\jre1.8.0_171\bin\server\jvm.dll
0x00007ffb256f0000 - 0x00007ffb256f8000 	C:\Windows\System32\PSAPI.DLL
0x00007ffb0ed60000 - 0x00007ffb0ed69000 	C:\Windows\SYSTEM32\WSOCK32.dll
0x00007ffb1f550000 - 0x00007ffb1f573000 	C:\Windows\SYSTEM32\WINMM.dll
0x00007ffb262c0000 - 0x00007ffb2632c000 	C:\Windows\System32\WS2_32.dll
0x00007ffb1a570000 - 0x00007ffb1a57a000 	C:\Windows\SYSTEM32\VERSION.dll
0x00007ffb1f520000 - 0x00007ffb1f54a000 	C:\Windows\SYSTEM32\winmmbase.dll
0x00007ffb22ee0000 - 0x00007ffb22f29000 	C:\Windows\System32\cfgmgr32.dll
0x000000006a890000 - 0x000000006a89f000 	C:\Program Files\Java\jre1.8.0_171\bin\verify.dll
0x000000006a860000 - 0x000000006a889000 	C:\Program Files\Java\jre1.8.0_171\bin\java.dll
0x000000006a840000 - 0x000000006a856000 	C:\Program Files\Java\jre1.8.0_171\bin\zip.dll
0x00007ffb23c50000 - 0x00007ffb25095000 	C:\Windows\System32\SHELL32.dll
0x00007ffb25e00000 - 0x00007ffb25ea9000 	C:\Windows\System32\shcore.dll
0x00007ffb227d0000 - 0x00007ffb22ee0000 	C:\Windows\System32\windows.storage.dll
0x00007ffb25b70000 - 0x00007ffb25bc1000 	C:\Windows\System32\shlwapi.dll
0x00007ffb22790000 - 0x00007ffb227a1000 	C:\Windows\System32\kernel.appcore.dll
0x00007ffb22770000 - 0x00007ffb2278f000 	C:\Windows\System32\profapi.dll
0x00007ffb22710000 - 0x00007ffb2275c000 	C:\Windows\System32\powrprof.dll
0x00007ffb22760000 - 0x00007ffb2276a000 	C:\Windows\System32\FLTLIB.DLL
0x000000006a820000 - 0x000000006a83a000 	C:\Program Files\Java\jre1.8.0_171\bin\net.dll
0x00007ffb21f70000 - 0x00007ffb21fd6000 	C:\Windows\system32\mswsock.dll
0x00007ffb21cc0000 - 0x00007ffb21cf8000 	C:\Windows\SYSTEM32\IPHLPAPI.DLL
0x00007ffb23910000 - 0x00007ffb23918000 	C:\Windows\System32\NSI.dll
0x00007ffb1a640000 - 0x00007ffb1a656000 	C:\Windows\SYSTEM32\dhcpcsvc6.DLL
0x00007ffb1a620000 - 0x00007ffb1a63a000 	C:\Windows\SYSTEM32\dhcpcsvc.DLL
0x00007ffb21d00000 - 0x00007ffb21dbe000 	C:\Windows\SYSTEM32\DNSAPI.dll
0x000000006a730000 - 0x000000006a73d000 	C:\Program Files\Java\jre1.8.0_171\bin\management.dll
0x0000000069e70000 - 0x0000000069e81000 	C:\Program Files\Java\jre1.8.0_171\bin\nio.dll
0x00007ffb0c660000 - 0x00007ffb0c676000 	C:\Windows\system32\napinsp.dll
0x00007ffb0c640000 - 0x00007ffb0c65a000 	C:\Windows\system32\pnrpnsp.dll
0x00007ffb1f260000 - 0x00007ffb1f279000 	C:\Windows\system32\NLAapi.dll
0x00007ffb0e6b0000 - 0x00007ffb0e6be000 	C:\Windows\System32\winrnr.dll
0x00007ffb1b4e0000 - 0x00007ffb1b4f5000 	C:\Windows\System32\wshbth.dll
0x00007ffb14e20000 - 0x00007ffb14e2a000 	C:\Windows\System32\rasadhlp.dll
0x00007ffb15b90000 - 0x00007ffb15c02000 	C:\Windows\System32\fwpuclnt.dll
0x00007ffb22250000 - 0x00007ffb22275000 	C:\Windows\SYSTEM32\bcrypt.dll
0x00007ffb22120000 - 0x00007ffb22137000 	C:\Windows\SYSTEM32\CRYPTSP.dll
0x00007ffb21b20000 - 0x00007ffb21b53000 	C:\Windows\system32\rsaenh.dll
0x00007ffb22610000 - 0x00007ffb22638000 	C:\Windows\SYSTEM32\USERENV.dll
0x00007ffb22140000 - 0x00007ffb2214b000 	C:\Windows\SYSTEM32\CRYPTBASE.dll
0x0000000069d50000 - 0x0000000069d74000 	C:\Program Files\Java\jre1.8.0_171\bin\sunec.dll

VM Arguments:
jvm_args: -Dfile.encoding=UTF-8 
java_command: cn.how2j.springcloud.ProductDataServiceApplication
java_class_path (initial): D:\workspace\springcloud\product-data-service\target\classes;D:\maven\MyRepository\org\springframework\cloud\spring-cloud-starter-netflix-eureka-client\2.0.0.RELEASE\spring-cloud-starter-netflix-eureka-client-2.0.0.RELEASE.jar;D:\maven\MyRepository\org\springframework\cloud\spring-cloud-starter\2.0.0.RELEASE\spring-cloud-starter-2.0.0.RELEASE.jar;D:\maven\MyRepository\org\springframework\cloud\spring-cloud-context\2.0.0.RELEASE\spring-cloud-context-2.0.0.RELEASE.jar;D:\maven\MyRepository\org\springframework\security\spring-security-crypto\5.0.6.RELEASE\spring-security-crypto-5.0.6.RELEASE.jar;D:\maven\MyRepository\org\springframework\cloud\spring-cloud-commons\2.0.0.RELEASE\spring-cloud-commons-2.0.0.RELEASE.jar;D:\maven\MyRepository\org\springframework\security\spring-security-rsa\1.0.5.RELEASE\spring-security-rsa-1.0.5.RELEASE.jar;D:\maven\MyRepository\org\bouncycastle\bcpkix-jdk15on\1.56\bcpkix-jdk15on-1.56.jar;D:\maven\MyRepository\org\bouncycastle\bcprov-jdk15on\1.56\bcprov-jdk15on-1.56.jar;D:\maven\MyRepository\org\springframework\cloud\spring-cloud-netflix-core\2.0.0.RELEASE\spring-cloud-netflix-core-2.0.0.RELEASE.jar;D:\maven\MyRepository\org\springframework\boot\spring-boot-autoconfigure\2.0.3.RELEASE\spring-boot-autoconfigure-2.0.3.RELEASE.jar;D:\maven\MyRepository\org\springframework\boot\spring-boot-starter-aop\2.0.3.RELEASE\spring-boot-starter-aop-2.0.3.RELEASE.jar;D:\maven\MyRepository\org\aspectj\aspectjweaver\1.8.13\aspectjweaver-1.8.13.jar;D:\maven\MyRepository\org\springframework\cloud\spring-cloud-netflix-eureka-client\2.0.0.RELEASE\spring-cloud-netflix-eureka-client-2.0.0.RELEASE.jar;D:\maven\MyRepository\com\netflix\eureka\eureka-client\1.9.2\eureka-client-1.9.2.jar;D:\maven\MyRepository\org\codehaus\jettison\jettison\1.3.7\jettison-1.3.7.jar;D:\maven\MyRepository\stax\stax-api\1.0.1\stax-api-1.0.1.jar;D:\maven\MyRepository\com\netflix\netflix-commons\netflix-eventbus\0.3.0\netflix-eventbus-0.3.0.jar;D:\maven\MyRepos
Launcher Type: SUN_STANDARD

Environment Variables:
JAVA_HOME=C:\Program Files\Java\jdk1.8.0_171
CLASSPATH=.;C:\Program Files\Java\jdk1.8.0_171\lib\dt.jar;C:\Program Files\Java\jdk1.8.0_171\lib\tools.jar;
PATH=C:/Program Files/Java/jre1.8.0_171/bin/server;C:/Program Files/Java/jre1.8.0_171/bin;C:/Program Files/Java/jre1.8.0_171/lib/amd64;C:\Program Files (x86)\Common Files\Oracle\Java\javapath;C:\Windows\system32;C:\Windows;C:\Windows\System32\Wbem;C:\Windows\System32\WindowsPowerShell\v1.0\;C:\Windows\System32\OpenSSH\;"C:\Program Files\Java\jdk1.8.0_171\bin;C:\Program Files\Java\jdk1.8.0_171\jre\bin";F:\peizhi\apache-maven-3.5.0\bin;C:\Program Files\VisualSVN Server\bin;C:\Program Files\TortoiseSVN\bin;F:\mysql-5.7.26-winx64\bin;D:\Python\Scripts\;D:\Python\;C:\Users\Dell\AppData\Local\Microsoft\WindowsApps;C:\Program Files (x86)\SSH Communications Security\SSH Secure Shell;E:\PyCharm Community Edition 2019.2\bin;C:\Users\Dell\Desktop;
USERNAME=Dell
OS=Windows_NT
PROCESSOR_IDENTIFIER=Intel64 Family 6 Model 69 Stepping 1, GenuineIntel



---------------  S Y S T E M  ---------------

OS: Windows 10.0 , 64 bit Build 17134 (10.0.17134.753)

CPU:total 4 (initial active 4) (2 cores per cpu, 2 threads per core) family 6 model 69 stepping 1, cmov, cx8, fxsr, mmx, sse, sse2, sse3, ssse3, sse4.1, sse4.2, popcnt, avx, avx2, aes, clmul, erms, lzcnt, ht, tsc, tscinvbit, bmi1, bmi2

Memory: 4k page, physical 8302484k(470720k free), swap 17756304k(5296k free)

vm_info: Java HotSpot(TM) 64-Bit Server VM (25.171-b11) for windows-amd64 JRE (1.8.0_171-b11), built on Mar 28 2018 16:06:12 by "java_re" with MS VC++ 10.0 (VS2010)

time: Tue Dec 17 11:25:20 2019
elapsed time: 325 seconds (0d 0h 5m 25s)

